2021-06-13 15:02:30,181 ERROR [n-30a9d46324eb.IDirectory] - sendMessage failed. Message:
[Headers: {JiacTNGSenderAddress=>msgbox:df@n-30a9d46324eb;JiacTNGProtocolID=>df:bye;JiacTNGGroupAddress=>df@dfgroup;UUID=>n-30a9d46324eb}, Payload: null, Sender: msgbox:df@n-30a9d46324eb]
de.dailab.jiactng.agentcore.comm.CommunicationException: error while sending message
	at de.dailab.jiactng.agentcore.comm.transport.jms.JMSMessageTransport.send(JMSMessageTransport.java:221)
	at de.dailab.jiactng.agentcore.directory.DirectoryAgentNodeBean.sendMessage(DirectoryAgentNodeBean.java:1472)
	at de.dailab.jiactng.agentcore.directory.DirectoryAgentNodeBean.doStop(DirectoryAgentNodeBean.java:295)
	at de.dailab.jiactng.agentcore.lifecycle.AbstractLifecycle.stop(AbstractLifecycle.java:181)
	at de.dailab.jiactng.agentcore.SimpleAgentNode.doStop(SimpleAgentNode.java:978)
	at de.dailab.jiactng.agentcore.lifecycle.AbstractLifecycle.stop(AbstractLifecycle.java:181)
	at de.dailab.jiactng.agentcore.SimpleAgentNode.shutdown(SimpleAgentNode.java:819)
	at de.dailab.jiactng.agentcore.SimpleAgentNode$1.run(SimpleAgentNode.java:144)
Caused by: javax.jms.JMSException: peer (vm://n-30a9d46324ebStandardJMSBroker#1) stopped.
	at org.apache.activemq.util.JMSExceptionSupport.create(JMSExceptionSupport.java:54)
	at org.apache.activemq.ActiveMQConnection.syncSendPacket(ActiveMQConnection.java:1398)
	at org.apache.activemq.ActiveMQConnection.syncSendPacket(ActiveMQConnection.java:1324)
	at org.apache.activemq.ActiveMQSession.send(ActiveMQSession.java:1971)
	at org.apache.activemq.ActiveMQMessageProducer.send(ActiveMQMessageProducer.java:288)
	at org.apache.activemq.ActiveMQMessageProducer.send(ActiveMQMessageProducer.java:223)
	at de.dailab.jiactng.agentcore.comm.transport.jms.JMSSender.sendMessage(JMSSender.java:52)
	at de.dailab.jiactng.agentcore.comm.transport.jms.JMSSender.send(JMSSender.java:43)
	at de.dailab.jiactng.agentcore.comm.transport.jms.JMSMessageTransport.send(JMSMessageTransport.java:215)
	... 7 more
Caused by: org.apache.activemq.transport.TransportDisposedIOException: peer (vm://n-30a9d46324ebStandardJMSBroker#1) stopped.
	at org.apache.activemq.transport.vm.VMTransport.stop(VMTransport.java:229)
	at org.apache.activemq.transport.TransportFilter.stop(TransportFilter.java:65)
	at org.apache.activemq.transport.TransportFilter.stop(TransportFilter.java:65)
	at org.apache.activemq.transport.ResponseCorrelator.stop(ResponseCorrelator.java:132)
	at org.apache.activemq.broker.TransportConnection.doStop(TransportConnection.java:1164)
	at org.apache.activemq.broker.TransportConnection$4.run(TransportConnection.java:1130)
	at java.base/java.util.concurrent.ThreadPoolExecutor.runWorker(ThreadPoolExecutor.java:1130)
	at java.base/java.util.concurrent.ThreadPoolExecutor$Worker.run(ThreadPoolExecutor.java:630)
	at java.base/java.lang.Thread.run(Thread.java:831)
2021-06-13 15:02:30,190 WARN [n-30a9d46324eb.a-30aa00c76d38.CommunicationBean.jms] - could not close connection 
javax.jms.JMSException: peer (vm://n-30a9d46324ebStandardJMSBroker#3) stopped.
	at org.apache.activemq.util.JMSExceptionSupport.create(JMSExceptionSupport.java:54)
	at org.apache.activemq.ActiveMQConnection.doSyncSendPacket(ActiveMQConnection.java:1445)
	at org.apache.activemq.ActiveMQConnection.close(ActiveMQConnection.java:687)
	at de.dailab.jiactng.agentcore.comm.transport.jms.JMSMessageTransport.doCleanup(JMSMessageTransport.java:110)
	at de.dailab.jiactng.agentcore.comm.CommunicationBean.doCleanup(CommunicationBean.java:172)
	at de.dailab.jiactng.agentcore.lifecycle.AbstractLifecycle.cleanup(AbstractLifecycle.java:221)
	at de.dailab.jiactng.agentcore.Agent.doCleanup(Agent.java:370)
	at de.dailab.jiactng.agentcore.lifecycle.AbstractLifecycle.cleanup(AbstractLifecycle.java:221)
	at de.dailab.jiactng.agentcore.SimpleAgentNode.doCleanup(SimpleAgentNode.java:996)
	at de.dailab.jiactng.agentcore.lifecycle.AbstractLifecycle.cleanup(AbstractLifecycle.java:221)
	at de.dailab.jiactng.agentcore.SimpleAgentNode.shutdown(SimpleAgentNode.java:820)
	at de.dailab.jiactng.agentcore.SimpleAgentNode$1.run(SimpleAgentNode.java:144)
Caused by: org.apache.activemq.transport.TransportDisposedIOException: peer (vm://n-30a9d46324ebStandardJMSBroker#3) stopped.
	at org.apache.activemq.transport.vm.VMTransport.stop(VMTransport.java:229)
	at org.apache.activemq.transport.TransportFilter.stop(TransportFilter.java:65)
	at org.apache.activemq.transport.TransportFilter.stop(TransportFilter.java:65)
	at org.apache.activemq.transport.ResponseCorrelator.stop(ResponseCorrelator.java:132)
	at org.apache.activemq.broker.TransportConnection.doStop(TransportConnection.java:1164)
	at org.apache.activemq.broker.TransportConnection$4.run(TransportConnection.java:1130)
	at java.base/java.util.concurrent.ThreadPoolExecutor.runWorker(ThreadPoolExecutor.java:1130)
	at java.base/java.util.concurrent.ThreadPoolExecutor$Worker.run(ThreadPoolExecutor.java:630)
	at java.base/java.lang.Thread.run(Thread.java:831)
2021-06-13 15:02:30,194 ERROR [org.apache.activemq.thread.TaskRunnerFactory] - Error in thread 'ActiveMQ VMTransport: vm://n-30a9d46324ebStandardJMSBroker#3-2'
org.apache.activemq.broker.BrokerStoppedException: Broker BrokerService[n-30a9d46324ebStandardJMSBroker] is being stopped
	at org.apache.activemq.broker.TransportConnection$1.onCommand(TransportConnection.java:193)
	at org.apache.activemq.transport.ResponseCorrelator.onCommand(ResponseCorrelator.java:116)
	at org.apache.activemq.transport.MutexTransport.onCommand(MutexTransport.java:50)
	at org.apache.activemq.transport.vm.VMTransport.iterate(VMTransport.java:270)
	at org.apache.activemq.thread.PooledTaskRunner.runTask(PooledTaskRunner.java:133)
	at org.apache.activemq.thread.PooledTaskRunner$1.run(PooledTaskRunner.java:48)
	at java.base/java.util.concurrent.ThreadPoolExecutor.runWorker(ThreadPoolExecutor.java:1130)
	at java.base/java.util.concurrent.ThreadPoolExecutor$Worker.run(ThreadPoolExecutor.java:630)
	at java.base/java.lang.Thread.run(Thread.java:831)
2021-06-13 15:02:30,211 WARN [n-30a9d46324eb.a-30aa07c381e5.CommunicationBean.jms] - could not close connection 
javax.jms.JMSException: peer (vm://n-30a9d46324ebStandardJMSBroker#5) stopped.
	at org.apache.activemq.util.JMSExceptionSupport.create(JMSExceptionSupport.java:72)
	at org.apache.activemq.ActiveMQConnection.doSyncSendPacket(ActiveMQConnection.java:1450)
	at org.apache.activemq.ActiveMQConnection.close(ActiveMQConnection.java:687)
	at de.dailab.jiactng.agentcore.comm.transport.jms.JMSMessageTransport.doCleanup(JMSMessageTransport.java:110)
	at de.dailab.jiactng.agentcore.comm.CommunicationBean.doCleanup(CommunicationBean.java:172)
	at de.dailab.jiactng.agentcore.lifecycle.AbstractLifecycle.cleanup(AbstractLifecycle.java:221)
	at de.dailab.jiactng.agentcore.Agent.doCleanup(Agent.java:370)
	at de.dailab.jiactng.agentcore.lifecycle.AbstractLifecycle.cleanup(AbstractLifecycle.java:221)
	at de.dailab.jiactng.agentcore.SimpleAgentNode.doCleanup(SimpleAgentNode.java:996)
	at de.dailab.jiactng.agentcore.lifecycle.AbstractLifecycle.cleanup(AbstractLifecycle.java:221)
	at de.dailab.jiactng.agentcore.SimpleAgentNode.shutdown(SimpleAgentNode.java:820)
	at de.dailab.jiactng.agentcore.SimpleAgentNode$1.run(SimpleAgentNode.java:144)
Caused by: org.apache.activemq.transport.TransportDisposedIOException: peer (vm://n-30a9d46324ebStandardJMSBroker#5) stopped.
	at org.apache.activemq.transport.vm.VMTransport.stop(VMTransport.java:229)
	at org.apache.activemq.transport.TransportFilter.stop(TransportFilter.java:65)
	at org.apache.activemq.transport.TransportFilter.stop(TransportFilter.java:65)
	at org.apache.activemq.transport.ResponseCorrelator.stop(ResponseCorrelator.java:132)
	at org.apache.activemq.broker.TransportConnection.doStop(TransportConnection.java:1164)
	at org.apache.activemq.broker.TransportConnection$4.run(TransportConnection.java:1130)
	at java.base/java.util.concurrent.ThreadPoolExecutor.runWorker(ThreadPoolExecutor.java:1130)
	at java.base/java.util.concurrent.ThreadPoolExecutor$Worker.run(ThreadPoolExecutor.java:630)
	at java.base/java.lang.Thread.run(Thread.java:831)
2021-06-13 15:02:30,226 WARN [n-30a9d46324eb.a-30a9c7b8d348.CommunicationBean.jms] - could not stop JMS connection 
org.apache.activemq.ConnectionFailedException: The JMS connection has failed: peer (vm://n-30a9d46324ebStandardJMSBroker#7) stopped.
	at org.apache.activemq.ActiveMQConnection.checkClosedOrFailed(ActiveMQConnection.java:1471)
	at org.apache.activemq.ActiveMQConnection.doStop(ActiveMQConnection.java:575)
	at org.apache.activemq.ActiveMQConnection.stop(ActiveMQConnection.java:564)
	at de.dailab.jiactng.agentcore.comm.transport.jms.JMSMessageTransport.doCleanup(JMSMessageTransport.java:103)
	at de.dailab.jiactng.agentcore.comm.CommunicationBean.doCleanup(CommunicationBean.java:172)
	at de.dailab.jiactng.agentcore.lifecycle.AbstractLifecycle.cleanup(AbstractLifecycle.java:221)
	at de.dailab.jiactng.agentcore.Agent.doCleanup(Agent.java:370)
	at de.dailab.jiactng.agentcore.lifecycle.AbstractLifecycle.cleanup(AbstractLifecycle.java:221)
	at de.dailab.jiactng.agentcore.SimpleAgentNode.doCleanup(SimpleAgentNode.java:996)
	at de.dailab.jiactng.agentcore.lifecycle.AbstractLifecycle.cleanup(AbstractLifecycle.java:221)
	at de.dailab.jiactng.agentcore.SimpleAgentNode.shutdown(SimpleAgentNode.java:820)
	at de.dailab.jiactng.agentcore.SimpleAgentNode$1.run(SimpleAgentNode.java:144)
Caused by: org.apache.activemq.transport.TransportDisposedIOException: peer (vm://n-30a9d46324ebStandardJMSBroker#7) stopped.
	at org.apache.activemq.transport.vm.VMTransport.stop(VMTransport.java:229)
	at org.apache.activemq.transport.TransportFilter.stop(TransportFilter.java:65)
	at org.apache.activemq.transport.TransportFilter.stop(TransportFilter.java:65)
	at org.apache.activemq.transport.ResponseCorrelator.stop(ResponseCorrelator.java:132)
	at org.apache.activemq.broker.TransportConnection.doStop(TransportConnection.java:1164)
	at org.apache.activemq.broker.TransportConnection$4.run(TransportConnection.java:1130)
	at java.base/java.util.concurrent.ThreadPoolExecutor.runWorker(ThreadPoolExecutor.java:1130)
	at java.base/java.util.concurrent.ThreadPoolExecutor$Worker.run(ThreadPoolExecutor.java:630)
	at java.base/java.lang.Thread.run(Thread.java:831)
2021-06-13 15:02:30,229 WARN [n-30a9d46324eb.a-30a9f8eee188.CommunicationBean.jms] - could not stop JMS connection 
org.apache.activemq.ConnectionFailedException: The JMS connection has failed: peer (vm://n-30a9d46324ebStandardJMSBroker#9) stopped.
	at org.apache.activemq.ActiveMQConnection.checkClosedOrFailed(ActiveMQConnection.java:1471)
	at org.apache.activemq.ActiveMQConnection.doStop(ActiveMQConnection.java:575)
	at org.apache.activemq.ActiveMQConnection.stop(ActiveMQConnection.java:564)
	at de.dailab.jiactng.agentcore.comm.transport.jms.JMSMessageTransport.doCleanup(JMSMessageTransport.java:103)
	at de.dailab.jiactng.agentcore.comm.CommunicationBean.doCleanup(CommunicationBean.java:172)
	at de.dailab.jiactng.agentcore.lifecycle.AbstractLifecycle.cleanup(AbstractLifecycle.java:221)
	at de.dailab.jiactng.agentcore.Agent.doCleanup(Agent.java:370)
	at de.dailab.jiactng.agentcore.lifecycle.AbstractLifecycle.cleanup(AbstractLifecycle.java:221)
	at de.dailab.jiactng.agentcore.SimpleAgentNode.doCleanup(SimpleAgentNode.java:996)
	at de.dailab.jiactng.agentcore.lifecycle.AbstractLifecycle.cleanup(AbstractLifecycle.java:221)
	at de.dailab.jiactng.agentcore.SimpleAgentNode.shutdown(SimpleAgentNode.java:820)
	at de.dailab.jiactng.agentcore.SimpleAgentNode$1.run(SimpleAgentNode.java:144)
Caused by: org.apache.activemq.transport.TransportDisposedIOException: peer (vm://n-30a9d46324ebStandardJMSBroker#9) stopped.
	at org.apache.activemq.transport.vm.VMTransport.stop(VMTransport.java:229)
	at org.apache.activemq.transport.TransportFilter.stop(TransportFilter.java:65)
	at org.apache.activemq.transport.TransportFilter.stop(TransportFilter.java:65)
	at org.apache.activemq.transport.ResponseCorrelator.stop(ResponseCorrelator.java:132)
	at org.apache.activemq.broker.TransportConnection.doStop(TransportConnection.java:1164)
	at org.apache.activemq.broker.TransportConnection$4.run(TransportConnection.java:1130)
	at java.base/java.util.concurrent.ThreadPoolExecutor.runWorker(ThreadPoolExecutor.java:1130)
	at java.base/java.util.concurrent.ThreadPoolExecutor$Worker.run(ThreadPoolExecutor.java:630)
	at java.base/java.lang.Thread.run(Thread.java:831)
2021-06-13 15:02:30,232 WARN [n-30a9d46324eb.a-30a9ece39977.CommunicationBean.jms] - could not stop JMS connection 
org.apache.activemq.ConnectionFailedException: The JMS connection has failed: peer (vm://n-30a9d46324ebStandardJMSBroker#11) stopped.
	at org.apache.activemq.ActiveMQConnection.checkClosedOrFailed(ActiveMQConnection.java:1471)
	at org.apache.activemq.ActiveMQConnection.doStop(ActiveMQConnection.java:575)
	at org.apache.activemq.ActiveMQConnection.stop(ActiveMQConnection.java:564)
	at de.dailab.jiactng.agentcore.comm.transport.jms.JMSMessageTransport.doCleanup(JMSMessageTransport.java:103)
	at de.dailab.jiactng.agentcore.comm.CommunicationBean.doCleanup(CommunicationBean.java:172)
	at de.dailab.jiactng.agentcore.lifecycle.AbstractLifecycle.cleanup(AbstractLifecycle.java:221)
	at de.dailab.jiactng.agentcore.Agent.doCleanup(Agent.java:370)
	at de.dailab.jiactng.agentcore.lifecycle.AbstractLifecycle.cleanup(AbstractLifecycle.java:221)
	at de.dailab.jiactng.agentcore.SimpleAgentNode.doCleanup(SimpleAgentNode.java:996)
	at de.dailab.jiactng.agentcore.lifecycle.AbstractLifecycle.cleanup(AbstractLifecycle.java:221)
	at de.dailab.jiactng.agentcore.SimpleAgentNode.shutdown(SimpleAgentNode.java:820)
	at de.dailab.jiactng.agentcore.SimpleAgentNode$1.run(SimpleAgentNode.java:144)
Caused by: org.apache.activemq.transport.TransportDisposedIOException: peer (vm://n-30a9d46324ebStandardJMSBroker#11) stopped.
	at org.apache.activemq.transport.vm.VMTransport.stop(VMTransport.java:229)
	at org.apache.activemq.transport.TransportFilter.stop(TransportFilter.java:65)
	at org.apache.activemq.transport.TransportFilter.stop(TransportFilter.java:65)
	at org.apache.activemq.transport.ResponseCorrelator.stop(ResponseCorrelator.java:132)
	at org.apache.activemq.broker.TransportConnection.doStop(TransportConnection.java:1164)
	at org.apache.activemq.broker.TransportConnection$4.run(TransportConnection.java:1130)
	at java.base/java.util.concurrent.ThreadPoolExecutor.runWorker(ThreadPoolExecutor.java:1130)
	at java.base/java.util.concurrent.ThreadPoolExecutor$Worker.run(ThreadPoolExecutor.java:630)
	at java.base/java.lang.Thread.run(Thread.java:831)
2021-06-13 15:02:30,234 WARN [n-30a9d46324eb.a-30a9d1e50dd4.CommunicationBean.jms] - could not stop JMS connection 
org.apache.activemq.ConnectionFailedException: The JMS connection has failed: peer (vm://n-30a9d46324ebStandardJMSBroker#15) stopped.
	at org.apache.activemq.ActiveMQConnection.checkClosedOrFailed(ActiveMQConnection.java:1471)
	at org.apache.activemq.ActiveMQConnection.doStop(ActiveMQConnection.java:575)
	at org.apache.activemq.ActiveMQConnection.stop(ActiveMQConnection.java:564)
	at de.dailab.jiactng.agentcore.comm.transport.jms.JMSMessageTransport.doCleanup(JMSMessageTransport.java:103)
	at de.dailab.jiactng.agentcore.comm.CommunicationBean.doCleanup(CommunicationBean.java:172)
	at de.dailab.jiactng.agentcore.lifecycle.AbstractLifecycle.cleanup(AbstractLifecycle.java:221)
	at de.dailab.jiactng.agentcore.Agent.doCleanup(Agent.java:370)
	at de.dailab.jiactng.agentcore.lifecycle.AbstractLifecycle.cleanup(AbstractLifecycle.java:221)
	at de.dailab.jiactng.agentcore.SimpleAgentNode.doCleanup(SimpleAgentNode.java:996)
	at de.dailab.jiactng.agentcore.lifecycle.AbstractLifecycle.cleanup(AbstractLifecycle.java:221)
	at de.dailab.jiactng.agentcore.SimpleAgentNode.shutdown(SimpleAgentNode.java:820)
	at de.dailab.jiactng.agentcore.SimpleAgentNode$1.run(SimpleAgentNode.java:144)
Caused by: org.apache.activemq.transport.TransportDisposedIOException: peer (vm://n-30a9d46324ebStandardJMSBroker#15) stopped.
	at org.apache.activemq.transport.vm.VMTransport.stop(VMTransport.java:229)
	at org.apache.activemq.transport.TransportFilter.stop(TransportFilter.java:65)
	at org.apache.activemq.transport.TransportFilter.stop(TransportFilter.java:65)
	at org.apache.activemq.transport.ResponseCorrelator.stop(ResponseCorrelator.java:132)
	at org.apache.activemq.broker.TransportConnection.doStop(TransportConnection.java:1164)
	at org.apache.activemq.broker.TransportConnection$4.run(TransportConnection.java:1130)
	at java.base/java.util.concurrent.ThreadPoolExecutor.runWorker(ThreadPoolExecutor.java:1130)
	at java.base/java.util.concurrent.ThreadPoolExecutor$Worker.run(ThreadPoolExecutor.java:630)
	at java.base/java.lang.Thread.run(Thread.java:831)
2021-06-13 15:02:30,236 WARN [n-30a9d46324eb.IDirectory.jms] - could not stop JMS connection 
org.apache.activemq.ConnectionFailedException: The JMS connection has failed: peer (vm://n-30a9d46324ebStandardJMSBroker#1) stopped.
	at org.apache.activemq.ActiveMQConnection.checkClosedOrFailed(ActiveMQConnection.java:1471)
	at org.apache.activemq.ActiveMQConnection.doStop(ActiveMQConnection.java:575)
	at org.apache.activemq.ActiveMQConnection.stop(ActiveMQConnection.java:564)
	at de.dailab.jiactng.agentcore.comm.transport.jms.JMSMessageTransport.doCleanup(JMSMessageTransport.java:103)
	at de.dailab.jiactng.agentcore.directory.DirectoryAgentNodeBean.doCleanup(DirectoryAgentNodeBean.java:311)
	at de.dailab.jiactng.agentcore.lifecycle.AbstractLifecycle.cleanup(AbstractLifecycle.java:221)
	at de.dailab.jiactng.agentcore.SimpleAgentNode.doCleanup(SimpleAgentNode.java:1011)
	at de.dailab.jiactng.agentcore.lifecycle.AbstractLifecycle.cleanup(AbstractLifecycle.java:221)
	at de.dailab.jiactng.agentcore.SimpleAgentNode.shutdown(SimpleAgentNode.java:820)
	at de.dailab.jiactng.agentcore.SimpleAgentNode$1.run(SimpleAgentNode.java:144)
Caused by: org.apache.activemq.transport.TransportDisposedIOException: peer (vm://n-30a9d46324ebStandardJMSBroker#1) stopped.
	at org.apache.activemq.transport.vm.VMTransport.stop(VMTransport.java:229)
	at org.apache.activemq.transport.TransportFilter.stop(TransportFilter.java:65)
	at org.apache.activemq.transport.TransportFilter.stop(TransportFilter.java:65)
	at org.apache.activemq.transport.ResponseCorrelator.stop(ResponseCorrelator.java:132)
	at org.apache.activemq.broker.TransportConnection.doStop(TransportConnection.java:1164)
	at org.apache.activemq.broker.TransportConnection$4.run(TransportConnection.java:1130)
	at java.base/java.util.concurrent.ThreadPoolExecutor.runWorker(ThreadPoolExecutor.java:1130)
	at java.base/java.util.concurrent.ThreadPoolExecutor$Worker.run(ThreadPoolExecutor.java:630)
	at java.base/java.lang.Thread.run(Thread.java:831)
2021-06-13 15:24:22,901 ERROR [n-6c0f80120cce9.JmxConnectorManager] - Unable to leave multicast group 226.6.6.7
2021-06-13 15:24:29,508 ERROR [n-6c0f9bf9b74a2.JmxConnectorManager] - Unable to leave multicast group 226.6.6.7
2021-06-13 15:24:29,822 INFO [n-6c0f9bf9b74a2.a-6c0f988a7341a.BrokerBean] - starting broker bean...
2021-06-13 15:24:30,344 INFO [n-6c0f9bf9b74a2.a-6c0f988a7341a.BrokerBean] - running broker bean...
2021-06-13 15:24:30,344 WARN [n-6c0f9bf9b74a2.IDirectory] - Cannot find agent:
Agent:
 name='ServerAgent'
 aid=null
 owner=null
 state=null
 messageBoxAddress=null
 mobile=false

2021-06-13 15:24:31,353 INFO [n-6c0f9bf9b74a2.a-6c0f988a7341a.BrokerBean] - running broker bean...
2021-06-13 15:24:31,354 WARN [n-6c0f9bf9b74a2.IDirectory] - Cannot find agent:
Agent:
 name='ServerAgent'
 aid=null
 owner=null
 state=null
 messageBoxAddress=null
 mobile=false

2021-06-13 15:24:32,361 INFO [n-6c0f9bf9b74a2.a-6c0f988a7341a.BrokerBean] - running broker bean...
2021-06-13 15:24:32,361 WARN [n-6c0f9bf9b74a2.IDirectory] - Cannot find agent:
Agent:
 name='ServerAgent'
 aid=null
 owner=null
 state=null
 messageBoxAddress=null
 mobile=false

2021-06-13 15:24:33,363 INFO [n-6c0f9bf9b74a2.a-6c0f988a7341a.BrokerBean] - running broker bean...
2021-06-13 15:24:34,371 INFO [n-6c0f9bf9b74a2.a-6c0f988a7341a.BrokerBean] - running broker bean...
2021-06-13 15:24:34,409 INFO [n-6c0f9bf9b74a2.a-6c0f9e3590a5c.WorkerBean] - WORKER RECEIVED de.dailab.jiactng.aot.gridworld.messages.ACOMessage@25f8ddbd
2021-06-13 15:24:34,421 INFO [n-6c0f9bf9b74a2.a-6c0f9be3a8bf9.WorkerBean] - WORKER RECEIVED de.dailab.jiactng.aot.gridworld.messages.ACOMessage@7b72251
2021-06-13 15:24:34,447 INFO [n-6c0f9bf9b74a2.a-6c0f9c82f173b.WorkerBean] - WORKER RECEIVED de.dailab.jiactng.aot.gridworld.messages.ACOMessage@546a9f8a
2021-06-13 15:24:35,380 INFO [n-6c0f9bf9b74a2.a-6c0f988a7341a.BrokerBean] - running broker bean...
2021-06-13 15:24:36,382 INFO [n-6c0f9bf9b74a2.a-6c0f988a7341a.BrokerBean] - running broker bean...
2021-06-13 15:24:37,390 INFO [n-6c0f9bf9b74a2.a-6c0f988a7341a.BrokerBean] - running broker bean...
2021-06-13 15:24:38,398 INFO [n-6c0f9bf9b74a2.a-6c0f988a7341a.BrokerBean] - running broker bean...
2021-06-13 15:24:39,399 INFO [n-6c0f9bf9b74a2.a-6c0f988a7341a.BrokerBean] - running broker bean...
2021-06-13 15:24:40,410 INFO [n-6c0f9bf9b74a2.a-6c0f988a7341a.BrokerBean] - running broker bean...
2021-06-13 15:24:41,417 INFO [n-6c0f9bf9b74a2.a-6c0f988a7341a.BrokerBean] - running broker bean...
2021-06-13 15:24:42,419 INFO [n-6c0f9bf9b74a2.a-6c0f988a7341a.BrokerBean] - running broker bean...
2021-06-13 15:24:43,429 INFO [n-6c0f9bf9b74a2.a-6c0f988a7341a.BrokerBean] - running broker bean...
2021-06-13 15:24:44,436 INFO [n-6c0f9bf9b74a2.a-6c0f988a7341a.BrokerBean] - running broker bean...
2021-06-13 15:24:45,444 INFO [n-6c0f9bf9b74a2.a-6c0f988a7341a.BrokerBean] - running broker bean...
2021-06-13 15:24:46,449 INFO [n-6c0f9bf9b74a2.a-6c0f988a7341a.BrokerBean] - running broker bean...
2021-06-13 15:24:47,449 INFO [n-6c0f9bf9b74a2.a-6c0f988a7341a.BrokerBean] - running broker bean...
2021-06-13 15:24:48,460 INFO [n-6c0f9bf9b74a2.a-6c0f988a7341a.BrokerBean] - running broker bean...
2021-06-13 15:24:49,461 INFO [n-6c0f9bf9b74a2.a-6c0f988a7341a.BrokerBean] - running broker bean...
2021-06-13 15:24:50,466 INFO [n-6c0f9bf9b74a2.a-6c0f988a7341a.BrokerBean] - running broker bean...
2021-06-13 15:24:51,473 INFO [n-6c0f9bf9b74a2.a-6c0f988a7341a.BrokerBean] - running broker bean...
2021-06-13 15:24:52,482 INFO [n-6c0f9bf9b74a2.a-6c0f988a7341a.BrokerBean] - running broker bean...
2021-06-13 15:24:53,487 INFO [n-6c0f9bf9b74a2.a-6c0f988a7341a.BrokerBean] - running broker bean...
2021-06-13 15:24:54,493 INFO [n-6c0f9bf9b74a2.a-6c0f988a7341a.BrokerBean] - running broker bean...
2021-06-13 15:24:54,863 INFO [n-6c0f80120cce9.a-6c0f8334675aa.ServerMetaBean] - Logging game /Users/nesquick/aot-exercise-iterative-contract-net-protocol/logs/game_210613-152454_1024885188.txt
2021-06-13 15:24:55,163 WARN [org.apache.activemq.broker.TransportConnection.Transport] - Transport Connection to: tcp://192.168.178.47:56141 failed: java.io.EOFException
2021-06-13 15:24:55,164 ERROR [org.apache.activemq.thread.TaskRunnerFactory] - Error in thread 'ActiveMQ VMTransport: vm://n-6c0f80120cce9StandardJMSBroker#1-1'
org.apache.activemq.broker.BrokerStoppedException: Broker BrokerService[n-6c0f80120cce9StandardJMSBroker] is being stopped
	at org.apache.activemq.broker.TransportConnection$1.onCommand(TransportConnection.java:193)
	at org.apache.activemq.transport.ResponseCorrelator.onCommand(ResponseCorrelator.java:116)
	at org.apache.activemq.transport.MutexTransport.onCommand(MutexTransport.java:50)
	at org.apache.activemq.transport.vm.VMTransport.iterate(VMTransport.java:270)
	at org.apache.activemq.thread.PooledTaskRunner.runTask(PooledTaskRunner.java:133)
	at org.apache.activemq.thread.PooledTaskRunner$1.run(PooledTaskRunner.java:48)
	at java.base/java.util.concurrent.ThreadPoolExecutor.runWorker(ThreadPoolExecutor.java:1130)
	at java.base/java.util.concurrent.ThreadPoolExecutor$Worker.run(ThreadPoolExecutor.java:630)
	at java.base/java.lang.Thread.run(Thread.java:831)
2021-06-13 15:24:55,165 WARN [org.apache.activemq.broker.TransportConnection.Transport] - Transport Connection to: vm://n-6c0f80120cce9StandardJMSBroker#4 failed: org.apache.activemq.transport.TransportDisposedIOException: peer (vm://n-6c0f80120cce9StandardJMSBroker#4) stopped.
2021-06-13 15:24:55,167 ERROR [org.apache.activemq.broker.TransportConnector] - Could not accept connection : java.lang.InterruptedException
2021-06-13 15:24:55,170 ERROR [n-6c0f80120cce9.IDirectory.jms] - Sending of Message to address 'group:df@dfgroup' through JMS failed!
javax.jms.JMSException: peer (vm://n-6c0f80120cce9StandardJMSBroker#1) stopped.
	at org.apache.activemq.util.JMSExceptionSupport.create(JMSExceptionSupport.java:54)
	at org.apache.activemq.ActiveMQConnection.syncSendPacket(ActiveMQConnection.java:1398)
	at org.apache.activemq.ActiveMQConnection.syncSendPacket(ActiveMQConnection.java:1324)
	at org.apache.activemq.ActiveMQSession.send(ActiveMQSession.java:1971)
	at org.apache.activemq.ActiveMQMessageProducer.send(ActiveMQMessageProducer.java:288)
	at org.apache.activemq.ActiveMQMessageProducer.send(ActiveMQMessageProducer.java:223)
	at de.dailab.jiactng.agentcore.comm.transport.jms.JMSSender.sendMessage(JMSSender.java:52)
	at de.dailab.jiactng.agentcore.comm.transport.jms.JMSSender.send(JMSSender.java:43)
	at de.dailab.jiactng.agentcore.comm.transport.jms.JMSMessageTransport.send(JMSMessageTransport.java:215)
	at de.dailab.jiactng.agentcore.directory.DirectoryAgentNodeBean.sendMessage(DirectoryAgentNodeBean.java:1472)
	at de.dailab.jiactng.agentcore.directory.DirectoryAgentNodeBean.doStop(DirectoryAgentNodeBean.java:295)
	at de.dailab.jiactng.agentcore.lifecycle.AbstractLifecycle.stop(AbstractLifecycle.java:181)
	at de.dailab.jiactng.agentcore.SimpleAgentNode.doStop(SimpleAgentNode.java:978)
	at de.dailab.jiactng.agentcore.lifecycle.AbstractLifecycle.stop(AbstractLifecycle.java:181)
	at de.dailab.jiactng.agentcore.SimpleAgentNode.shutdown(SimpleAgentNode.java:819)
	at de.dailab.jiactng.agentcore.SimpleAgentNode$1.run(SimpleAgentNode.java:144)
Caused by: org.apache.activemq.transport.TransportDisposedIOException: peer (vm://n-6c0f80120cce9StandardJMSBroker#1) stopped.
	at org.apache.activemq.transport.vm.VMTransport.stop(VMTransport.java:229)
	at org.apache.activemq.transport.TransportFilter.stop(TransportFilter.java:65)
	at org.apache.activemq.transport.TransportFilter.stop(TransportFilter.java:65)
	at org.apache.activemq.transport.ResponseCorrelator.stop(ResponseCorrelator.java:132)
	at org.apache.activemq.broker.TransportConnection.doStop(TransportConnection.java:1164)
	at org.apache.activemq.broker.TransportConnection$4.run(TransportConnection.java:1130)
	at java.base/java.util.concurrent.ThreadPoolExecutor.runWorker(ThreadPoolExecutor.java:1130)
	at java.base/java.util.concurrent.ThreadPoolExecutor$Worker.run(ThreadPoolExecutor.java:630)
	at java.base/java.lang.Thread.run(Thread.java:831)
2021-06-13 15:24:55,171 ERROR [n-6c0f80120cce9.IDirectory] - sendMessage failed. Message:
[Headers: {JiacTNGSenderAddress=>msgbox:df@n-6c0f80120cce9;JiacTNGProtocolID=>df:bye;JiacTNGGroupAddress=>df@dfgroup;UUID=>n-6c0f80120cce9}, Payload: null, Sender: msgbox:df@n-6c0f80120cce9]
de.dailab.jiactng.agentcore.comm.CommunicationException: error while sending message
	at de.dailab.jiactng.agentcore.comm.transport.jms.JMSMessageTransport.send(JMSMessageTransport.java:221)
	at de.dailab.jiactng.agentcore.directory.DirectoryAgentNodeBean.sendMessage(DirectoryAgentNodeBean.java:1472)
	at de.dailab.jiactng.agentcore.directory.DirectoryAgentNodeBean.doStop(DirectoryAgentNodeBean.java:295)
	at de.dailab.jiactng.agentcore.lifecycle.AbstractLifecycle.stop(AbstractLifecycle.java:181)
	at de.dailab.jiactng.agentcore.SimpleAgentNode.doStop(SimpleAgentNode.java:978)
	at de.dailab.jiactng.agentcore.lifecycle.AbstractLifecycle.stop(AbstractLifecycle.java:181)
	at de.dailab.jiactng.agentcore.SimpleAgentNode.shutdown(SimpleAgentNode.java:819)
	at de.dailab.jiactng.agentcore.SimpleAgentNode$1.run(SimpleAgentNode.java:144)
Caused by: javax.jms.JMSException: peer (vm://n-6c0f80120cce9StandardJMSBroker#1) stopped.
	at org.apache.activemq.util.JMSExceptionSupport.create(JMSExceptionSupport.java:54)
	at org.apache.activemq.ActiveMQConnection.syncSendPacket(ActiveMQConnection.java:1398)
	at org.apache.activemq.ActiveMQConnection.syncSendPacket(ActiveMQConnection.java:1324)
	at org.apache.activemq.ActiveMQSession.send(ActiveMQSession.java:1971)
	at org.apache.activemq.ActiveMQMessageProducer.send(ActiveMQMessageProducer.java:288)
	at org.apache.activemq.ActiveMQMessageProducer.send(ActiveMQMessageProducer.java:223)
	at de.dailab.jiactng.agentcore.comm.transport.jms.JMSSender.sendMessage(JMSSender.java:52)
	at de.dailab.jiactng.agentcore.comm.transport.jms.JMSSender.send(JMSSender.java:43)
	at de.dailab.jiactng.agentcore.comm.transport.jms.JMSMessageTransport.send(JMSMessageTransport.java:215)
	... 7 more
Caused by: org.apache.activemq.transport.TransportDisposedIOException: peer (vm://n-6c0f80120cce9StandardJMSBroker#1) stopped.
	at org.apache.activemq.transport.vm.VMTransport.stop(VMTransport.java:229)
	at org.apache.activemq.transport.TransportFilter.stop(TransportFilter.java:65)
	at org.apache.activemq.transport.TransportFilter.stop(TransportFilter.java:65)
	at org.apache.activemq.transport.ResponseCorrelator.stop(ResponseCorrelator.java:132)
	at org.apache.activemq.broker.TransportConnection.doStop(TransportConnection.java:1164)
	at org.apache.activemq.broker.TransportConnection$4.run(TransportConnection.java:1130)
	at java.base/java.util.concurrent.ThreadPoolExecutor.runWorker(ThreadPoolExecutor.java:1130)
	at java.base/java.util.concurrent.ThreadPoolExecutor$Worker.run(ThreadPoolExecutor.java:630)
	at java.base/java.lang.Thread.run(Thread.java:831)
2021-06-13 15:24:55,172 WARN [n-6c0f80120cce9.a-6c0f8334675aa.CommunicationBean.jms] - could not stop JMS connection 
org.apache.activemq.ConnectionFailedException: The JMS connection has failed: peer (vm://n-6c0f80120cce9StandardJMSBroker#3) stopped.
	at org.apache.activemq.ActiveMQConnection.checkClosedOrFailed(ActiveMQConnection.java:1471)
	at org.apache.activemq.ActiveMQConnection.doStop(ActiveMQConnection.java:575)
	at org.apache.activemq.ActiveMQConnection.stop(ActiveMQConnection.java:564)
	at de.dailab.jiactng.agentcore.comm.transport.jms.JMSMessageTransport.doCleanup(JMSMessageTransport.java:103)
	at de.dailab.jiactng.agentcore.comm.CommunicationBean.doCleanup(CommunicationBean.java:172)
	at de.dailab.jiactng.agentcore.lifecycle.AbstractLifecycle.cleanup(AbstractLifecycle.java:221)
	at de.dailab.jiactng.agentcore.Agent.doCleanup(Agent.java:370)
	at de.dailab.jiactng.agentcore.lifecycle.AbstractLifecycle.cleanup(AbstractLifecycle.java:221)
	at de.dailab.jiactng.agentcore.SimpleAgentNode.doCleanup(SimpleAgentNode.java:996)
	at de.dailab.jiactng.agentcore.lifecycle.AbstractLifecycle.cleanup(AbstractLifecycle.java:221)
	at de.dailab.jiactng.agentcore.SimpleAgentNode.shutdown(SimpleAgentNode.java:820)
	at de.dailab.jiactng.agentcore.SimpleAgentNode$1.run(SimpleAgentNode.java:144)
Caused by: org.apache.activemq.transport.TransportDisposedIOException: peer (vm://n-6c0f80120cce9StandardJMSBroker#3) stopped.
	at org.apache.activemq.transport.vm.VMTransport.stop(VMTransport.java:229)
	at org.apache.activemq.transport.TransportFilter.stop(TransportFilter.java:65)
	at org.apache.activemq.transport.TransportFilter.stop(TransportFilter.java:65)
	at org.apache.activemq.transport.ResponseCorrelator.stop(ResponseCorrelator.java:132)
	at org.apache.activemq.broker.TransportConnection.doStop(TransportConnection.java:1164)
	at org.apache.activemq.broker.TransportConnection$4.run(TransportConnection.java:1130)
	at java.base/java.util.concurrent.ThreadPoolExecutor.runWorker(ThreadPoolExecutor.java:1130)
	at java.base/java.util.concurrent.ThreadPoolExecutor$Worker.run(ThreadPoolExecutor.java:630)
	at java.base/java.lang.Thread.run(Thread.java:831)
2021-06-13 15:24:55,173 WARN [n-6c0f80120cce9.IDirectory.jms] - could not stop JMS connection 
org.apache.activemq.ConnectionFailedException: The JMS connection has failed: peer (vm://n-6c0f80120cce9StandardJMSBroker#1) stopped.
	at org.apache.activemq.ActiveMQConnection.checkClosedOrFailed(ActiveMQConnection.java:1471)
	at org.apache.activemq.ActiveMQConnection.doStop(ActiveMQConnection.java:575)
	at org.apache.activemq.ActiveMQConnection.stop(ActiveMQConnection.java:564)
	at de.dailab.jiactng.agentcore.comm.transport.jms.JMSMessageTransport.doCleanup(JMSMessageTransport.java:103)
	at de.dailab.jiactng.agentcore.directory.DirectoryAgentNodeBean.doCleanup(DirectoryAgentNodeBean.java:311)
	at de.dailab.jiactng.agentcore.lifecycle.AbstractLifecycle.cleanup(AbstractLifecycle.java:221)
	at de.dailab.jiactng.agentcore.SimpleAgentNode.doCleanup(SimpleAgentNode.java:1011)
	at de.dailab.jiactng.agentcore.lifecycle.AbstractLifecycle.cleanup(AbstractLifecycle.java:221)
	at de.dailab.jiactng.agentcore.SimpleAgentNode.shutdown(SimpleAgentNode.java:820)
	at de.dailab.jiactng.agentcore.SimpleAgentNode$1.run(SimpleAgentNode.java:144)
Caused by: org.apache.activemq.transport.TransportDisposedIOException: peer (vm://n-6c0f80120cce9StandardJMSBroker#1) stopped.
	at org.apache.activemq.transport.vm.VMTransport.stop(VMTransport.java:229)
	at org.apache.activemq.transport.TransportFilter.stop(TransportFilter.java:65)
	at org.apache.activemq.transport.TransportFilter.stop(TransportFilter.java:65)
	at org.apache.activemq.transport.ResponseCorrelator.stop(ResponseCorrelator.java:132)
	at org.apache.activemq.broker.TransportConnection.doStop(TransportConnection.java:1164)
	at org.apache.activemq.broker.TransportConnection$4.run(TransportConnection.java:1130)
	at java.base/java.util.concurrent.ThreadPoolExecutor.runWorker(ThreadPoolExecutor.java:1130)
	at java.base/java.util.concurrent.ThreadPoolExecutor$Worker.run(ThreadPoolExecutor.java:630)
	at java.base/java.lang.Thread.run(Thread.java:831)
2021-06-13 15:24:55,497 INFO [n-6c0f9bf9b74a2.a-6c0f988a7341a.BrokerBean] - running broker bean...
2021-06-13 15:24:56,505 INFO [n-6c0f9bf9b74a2.a-6c0f988a7341a.BrokerBean] - running broker bean...
2021-06-13 15:24:57,111 ERROR [org.apache.activemq.thread.TaskRunnerFactory] - Error in thread 'ActiveMQ VMTransport: vm://n-6c0f9bf9b74a2StandardJMSBroker#1-1'
org.apache.activemq.broker.BrokerStoppedException: Broker BrokerService[n-6c0f9bf9b74a2StandardJMSBroker] is being stopped
	at org.apache.activemq.broker.TransportConnection$1.onCommand(TransportConnection.java:193)
	at org.apache.activemq.transport.ResponseCorrelator.onCommand(ResponseCorrelator.java:116)
	at org.apache.activemq.transport.MutexTransport.onCommand(MutexTransport.java:50)
	at org.apache.activemq.transport.vm.VMTransport.iterate(VMTransport.java:270)
	at org.apache.activemq.thread.PooledTaskRunner.runTask(PooledTaskRunner.java:133)
	at org.apache.activemq.thread.PooledTaskRunner$1.run(PooledTaskRunner.java:48)
	at java.base/java.util.concurrent.ThreadPoolExecutor.runWorker(ThreadPoolExecutor.java:1130)
	at java.base/java.util.concurrent.ThreadPoolExecutor$Worker.run(ThreadPoolExecutor.java:630)
	at java.base/java.lang.Thread.run(Thread.java:831)
2021-06-13 15:24:57,111 ERROR [n-6c0f9bf9b74a2.IDirectory.jms] - Sending of Message to address 'group:df@dfgroup' through JMS failed!
javax.jms.JMSException: peer (vm://n-6c0f9bf9b74a2StandardJMSBroker#1) stopped.
	at org.apache.activemq.util.JMSExceptionSupport.create(JMSExceptionSupport.java:54)
	at org.apache.activemq.ActiveMQConnection.syncSendPacket(ActiveMQConnection.java:1398)
	at org.apache.activemq.ActiveMQConnection.syncSendPacket(ActiveMQConnection.java:1324)
	at org.apache.activemq.ActiveMQSession.send(ActiveMQSession.java:1971)
	at org.apache.activemq.ActiveMQMessageProducer.send(ActiveMQMessageProducer.java:288)
	at org.apache.activemq.ActiveMQMessageProducer.send(ActiveMQMessageProducer.java:223)
	at de.dailab.jiactng.agentcore.comm.transport.jms.JMSSender.sendMessage(JMSSender.java:52)
	at de.dailab.jiactng.agentcore.comm.transport.jms.JMSSender.send(JMSSender.java:43)
	at de.dailab.jiactng.agentcore.comm.transport.jms.JMSMessageTransport.send(JMSMessageTransport.java:215)
	at de.dailab.jiactng.agentcore.directory.DirectoryAgentNodeBean.sendMessage(DirectoryAgentNodeBean.java:1472)
	at de.dailab.jiactng.agentcore.directory.DirectoryAgentNodeBean.doStop(DirectoryAgentNodeBean.java:295)
	at de.dailab.jiactng.agentcore.lifecycle.AbstractLifecycle.stop(AbstractLifecycle.java:181)
	at de.dailab.jiactng.agentcore.SimpleAgentNode.doStop(SimpleAgentNode.java:978)
	at de.dailab.jiactng.agentcore.lifecycle.AbstractLifecycle.stop(AbstractLifecycle.java:181)
	at de.dailab.jiactng.agentcore.SimpleAgentNode.shutdown(SimpleAgentNode.java:819)
	at de.dailab.jiactng.agentcore.SimpleAgentNode$1.run(SimpleAgentNode.java:144)
Caused by: org.apache.activemq.transport.TransportDisposedIOException: peer (vm://n-6c0f9bf9b74a2StandardJMSBroker#1) stopped.
	at org.apache.activemq.transport.vm.VMTransport.stop(VMTransport.java:229)
	at org.apache.activemq.transport.TransportFilter.stop(TransportFilter.java:65)
	at org.apache.activemq.transport.TransportFilter.stop(TransportFilter.java:65)
	at org.apache.activemq.transport.ResponseCorrelator.stop(ResponseCorrelator.java:132)
	at org.apache.activemq.broker.TransportConnection.doStop(TransportConnection.java:1164)
	at org.apache.activemq.broker.TransportConnection$4.run(TransportConnection.java:1130)
	at java.base/java.util.concurrent.ThreadPoolExecutor.runWorker(ThreadPoolExecutor.java:1130)
	at java.base/java.util.concurrent.ThreadPoolExecutor$Worker.run(ThreadPoolExecutor.java:630)
	at java.base/java.lang.Thread.run(Thread.java:831)
2021-06-13 15:24:57,113 ERROR [n-6c0f9bf9b74a2.IDirectory] - sendMessage failed. Message:
[Headers: {JiacTNGSenderAddress=>msgbox:df@n-6c0f9bf9b74a2;JiacTNGProtocolID=>df:bye;JiacTNGGroupAddress=>df@dfgroup;UUID=>n-6c0f9bf9b74a2}, Payload: null, Sender: msgbox:df@n-6c0f9bf9b74a2]
de.dailab.jiactng.agentcore.comm.CommunicationException: error while sending message
	at de.dailab.jiactng.agentcore.comm.transport.jms.JMSMessageTransport.send(JMSMessageTransport.java:221)
	at de.dailab.jiactng.agentcore.directory.DirectoryAgentNodeBean.sendMessage(DirectoryAgentNodeBean.java:1472)
	at de.dailab.jiactng.agentcore.directory.DirectoryAgentNodeBean.doStop(DirectoryAgentNodeBean.java:295)
	at de.dailab.jiactng.agentcore.lifecycle.AbstractLifecycle.stop(AbstractLifecycle.java:181)
	at de.dailab.jiactng.agentcore.SimpleAgentNode.doStop(SimpleAgentNode.java:978)
	at de.dailab.jiactng.agentcore.lifecycle.AbstractLifecycle.stop(AbstractLifecycle.java:181)
	at de.dailab.jiactng.agentcore.SimpleAgentNode.shutdown(SimpleAgentNode.java:819)
	at de.dailab.jiactng.agentcore.SimpleAgentNode$1.run(SimpleAgentNode.java:144)
Caused by: javax.jms.JMSException: peer (vm://n-6c0f9bf9b74a2StandardJMSBroker#1) stopped.
	at org.apache.activemq.util.JMSExceptionSupport.create(JMSExceptionSupport.java:54)
	at org.apache.activemq.ActiveMQConnection.syncSendPacket(ActiveMQConnection.java:1398)
	at org.apache.activemq.ActiveMQConnection.syncSendPacket(ActiveMQConnection.java:1324)
	at org.apache.activemq.ActiveMQSession.send(ActiveMQSession.java:1971)
	at org.apache.activemq.ActiveMQMessageProducer.send(ActiveMQMessageProducer.java:288)
	at org.apache.activemq.ActiveMQMessageProducer.send(ActiveMQMessageProducer.java:223)
	at de.dailab.jiactng.agentcore.comm.transport.jms.JMSSender.sendMessage(JMSSender.java:52)
	at de.dailab.jiactng.agentcore.comm.transport.jms.JMSSender.send(JMSSender.java:43)
	at de.dailab.jiactng.agentcore.comm.transport.jms.JMSMessageTransport.send(JMSMessageTransport.java:215)
	... 7 more
Caused by: org.apache.activemq.transport.TransportDisposedIOException: peer (vm://n-6c0f9bf9b74a2StandardJMSBroker#1) stopped.
	at org.apache.activemq.transport.vm.VMTransport.stop(VMTransport.java:229)
	at org.apache.activemq.transport.TransportFilter.stop(TransportFilter.java:65)
	at org.apache.activemq.transport.TransportFilter.stop(TransportFilter.java:65)
	at org.apache.activemq.transport.ResponseCorrelator.stop(ResponseCorrelator.java:132)
	at org.apache.activemq.broker.TransportConnection.doStop(TransportConnection.java:1164)
	at org.apache.activemq.broker.TransportConnection$4.run(TransportConnection.java:1130)
	at java.base/java.util.concurrent.ThreadPoolExecutor.runWorker(ThreadPoolExecutor.java:1130)
	at java.base/java.util.concurrent.ThreadPoolExecutor$Worker.run(ThreadPoolExecutor.java:630)
	at java.base/java.lang.Thread.run(Thread.java:831)
2021-06-13 15:24:57,114 WARN [n-6c0f9bf9b74a2.a-6c0f988a7341a.CommunicationBean.jms] - could not stop JMS connection 
org.apache.activemq.ConnectionFailedException: The JMS connection has failed: peer (vm://n-6c0f9bf9b74a2StandardJMSBroker#3) stopped.
	at org.apache.activemq.ActiveMQConnection.checkClosedOrFailed(ActiveMQConnection.java:1471)
	at org.apache.activemq.ActiveMQConnection.doStop(ActiveMQConnection.java:575)
	at org.apache.activemq.ActiveMQConnection.stop(ActiveMQConnection.java:564)
	at de.dailab.jiactng.agentcore.comm.transport.jms.JMSMessageTransport.doCleanup(JMSMessageTransport.java:103)
	at de.dailab.jiactng.agentcore.comm.CommunicationBean.doCleanup(CommunicationBean.java:172)
	at de.dailab.jiactng.agentcore.lifecycle.AbstractLifecycle.cleanup(AbstractLifecycle.java:221)
	at de.dailab.jiactng.agentcore.Agent.doCleanup(Agent.java:370)
	at de.dailab.jiactng.agentcore.lifecycle.AbstractLifecycle.cleanup(AbstractLifecycle.java:221)
	at de.dailab.jiactng.agentcore.SimpleAgentNode.doCleanup(SimpleAgentNode.java:996)
	at de.dailab.jiactng.agentcore.lifecycle.AbstractLifecycle.cleanup(AbstractLifecycle.java:221)
	at de.dailab.jiactng.agentcore.SimpleAgentNode.shutdown(SimpleAgentNode.java:820)
	at de.dailab.jiactng.agentcore.SimpleAgentNode$1.run(SimpleAgentNode.java:144)
Caused by: org.apache.activemq.transport.TransportDisposedIOException: peer (vm://n-6c0f9bf9b74a2StandardJMSBroker#3) stopped.
	at org.apache.activemq.transport.vm.VMTransport.stop(VMTransport.java:229)
	at org.apache.activemq.transport.TransportFilter.stop(TransportFilter.java:65)
	at org.apache.activemq.transport.TransportFilter.stop(TransportFilter.java:65)
	at org.apache.activemq.transport.ResponseCorrelator.stop(ResponseCorrelator.java:132)
	at org.apache.activemq.broker.TransportConnection.doStop(TransportConnection.java:1164)
	at org.apache.activemq.broker.TransportConnection$4.run(TransportConnection.java:1130)
	at java.base/java.util.concurrent.ThreadPoolExecutor.runWorker(ThreadPoolExecutor.java:1130)
	at java.base/java.util.concurrent.ThreadPoolExecutor$Worker.run(ThreadPoolExecutor.java:630)
	at java.base/java.lang.Thread.run(Thread.java:831)
2021-06-13 15:24:57,115 WARN [n-6c0f9bf9b74a2.a-6c0f9d31b5a9b.CommunicationBean.jms] - could not stop JMS connection 
org.apache.activemq.ConnectionFailedException: The JMS connection has failed: peer (vm://n-6c0f9bf9b74a2StandardJMSBroker#5) stopped.
	at org.apache.activemq.ActiveMQConnection.checkClosedOrFailed(ActiveMQConnection.java:1471)
	at org.apache.activemq.ActiveMQConnection.doStop(ActiveMQConnection.java:575)
	at org.apache.activemq.ActiveMQConnection.stop(ActiveMQConnection.java:564)
	at de.dailab.jiactng.agentcore.comm.transport.jms.JMSMessageTransport.doCleanup(JMSMessageTransport.java:103)
	at de.dailab.jiactng.agentcore.comm.CommunicationBean.doCleanup(CommunicationBean.java:172)
	at de.dailab.jiactng.agentcore.lifecycle.AbstractLifecycle.cleanup(AbstractLifecycle.java:221)
	at de.dailab.jiactng.agentcore.Agent.doCleanup(Agent.java:370)
	at de.dailab.jiactng.agentcore.lifecycle.AbstractLifecycle.cleanup(AbstractLifecycle.java:221)
	at de.dailab.jiactng.agentcore.SimpleAgentNode.doCleanup(SimpleAgentNode.java:996)
	at de.dailab.jiactng.agentcore.lifecycle.AbstractLifecycle.cleanup(AbstractLifecycle.java:221)
	at de.dailab.jiactng.agentcore.SimpleAgentNode.shutdown(SimpleAgentNode.java:820)
	at de.dailab.jiactng.agentcore.SimpleAgentNode$1.run(SimpleAgentNode.java:144)
Caused by: org.apache.activemq.transport.TransportDisposedIOException: peer (vm://n-6c0f9bf9b74a2StandardJMSBroker#5) stopped.
	at org.apache.activemq.transport.vm.VMTransport.stop(VMTransport.java:229)
	at org.apache.activemq.transport.TransportFilter.stop(TransportFilter.java:65)
	at org.apache.activemq.transport.TransportFilter.stop(TransportFilter.java:65)
	at org.apache.activemq.transport.ResponseCorrelator.stop(ResponseCorrelator.java:132)
	at org.apache.activemq.broker.TransportConnection.doStop(TransportConnection.java:1164)
	at org.apache.activemq.broker.TransportConnection$4.run(TransportConnection.java:1130)
	at java.base/java.util.concurrent.ThreadPoolExecutor.runWorker(ThreadPoolExecutor.java:1130)
	at java.base/java.util.concurrent.ThreadPoolExecutor$Worker.run(ThreadPoolExecutor.java:630)
	at java.base/java.lang.Thread.run(Thread.java:831)
2021-06-13 15:24:57,116 WARN [n-6c0f9bf9b74a2.a-6c0f9ef8ab95b.CommunicationBean.jms] - could not stop JMS connection 
org.apache.activemq.ConnectionFailedException: The JMS connection has failed: peer (vm://n-6c0f9bf9b74a2StandardJMSBroker#7) stopped.
	at org.apache.activemq.ActiveMQConnection.checkClosedOrFailed(ActiveMQConnection.java:1471)
	at org.apache.activemq.ActiveMQConnection.doStop(ActiveMQConnection.java:575)
	at org.apache.activemq.ActiveMQConnection.stop(ActiveMQConnection.java:564)
	at de.dailab.jiactng.agentcore.comm.transport.jms.JMSMessageTransport.doCleanup(JMSMessageTransport.java:103)
	at de.dailab.jiactng.agentcore.comm.CommunicationBean.doCleanup(CommunicationBean.java:172)
	at de.dailab.jiactng.agentcore.lifecycle.AbstractLifecycle.cleanup(AbstractLifecycle.java:221)
	at de.dailab.jiactng.agentcore.Agent.doCleanup(Agent.java:370)
	at de.dailab.jiactng.agentcore.lifecycle.AbstractLifecycle.cleanup(AbstractLifecycle.java:221)
	at de.dailab.jiactng.agentcore.SimpleAgentNode.doCleanup(SimpleAgentNode.java:996)
	at de.dailab.jiactng.agentcore.lifecycle.AbstractLifecycle.cleanup(AbstractLifecycle.java:221)
	at de.dailab.jiactng.agentcore.SimpleAgentNode.shutdown(SimpleAgentNode.java:820)
	at de.dailab.jiactng.agentcore.SimpleAgentNode$1.run(SimpleAgentNode.java:144)
Caused by: org.apache.activemq.transport.TransportDisposedIOException: peer (vm://n-6c0f9bf9b74a2StandardJMSBroker#7) stopped.
	at org.apache.activemq.transport.vm.VMTransport.stop(VMTransport.java:229)
	at org.apache.activemq.transport.TransportFilter.stop(TransportFilter.java:65)
	at org.apache.activemq.transport.TransportFilter.stop(TransportFilter.java:65)
	at org.apache.activemq.transport.ResponseCorrelator.stop(ResponseCorrelator.java:132)
	at org.apache.activemq.broker.TransportConnection.doStop(TransportConnection.java:1164)
	at org.apache.activemq.broker.TransportConnection$4.run(TransportConnection.java:1130)
	at java.base/java.util.concurrent.ThreadPoolExecutor.runWorker(ThreadPoolExecutor.java:1130)
	at java.base/java.util.concurrent.ThreadPoolExecutor$Worker.run(ThreadPoolExecutor.java:630)
	at java.base/java.lang.Thread.run(Thread.java:831)
2021-06-13 15:24:57,117 WARN [n-6c0f9bf9b74a2.a-6c0f9e3590a5c.CommunicationBean.jms] - could not stop JMS connection 
org.apache.activemq.ConnectionFailedException: The JMS connection has failed: peer (vm://n-6c0f9bf9b74a2StandardJMSBroker#9) stopped.
	at org.apache.activemq.ActiveMQConnection.checkClosedOrFailed(ActiveMQConnection.java:1471)
	at org.apache.activemq.ActiveMQConnection.doStop(ActiveMQConnection.java:575)
	at org.apache.activemq.ActiveMQConnection.stop(ActiveMQConnection.java:564)
	at de.dailab.jiactng.agentcore.comm.transport.jms.JMSMessageTransport.doCleanup(JMSMessageTransport.java:103)
	at de.dailab.jiactng.agentcore.comm.CommunicationBean.doCleanup(CommunicationBean.java:172)
	at de.dailab.jiactng.agentcore.lifecycle.AbstractLifecycle.cleanup(AbstractLifecycle.java:221)
	at de.dailab.jiactng.agentcore.Agent.doCleanup(Agent.java:370)
	at de.dailab.jiactng.agentcore.lifecycle.AbstractLifecycle.cleanup(AbstractLifecycle.java:221)
	at de.dailab.jiactng.agentcore.SimpleAgentNode.doCleanup(SimpleAgentNode.java:996)
	at de.dailab.jiactng.agentcore.lifecycle.AbstractLifecycle.cleanup(AbstractLifecycle.java:221)
	at de.dailab.jiactng.agentcore.SimpleAgentNode.shutdown(SimpleAgentNode.java:820)
	at de.dailab.jiactng.agentcore.SimpleAgentNode$1.run(SimpleAgentNode.java:144)
Caused by: org.apache.activemq.transport.TransportDisposedIOException: peer (vm://n-6c0f9bf9b74a2StandardJMSBroker#9) stopped.
	at org.apache.activemq.transport.vm.VMTransport.stop(VMTransport.java:229)
	at org.apache.activemq.transport.TransportFilter.stop(TransportFilter.java:65)
	at org.apache.activemq.transport.TransportFilter.stop(TransportFilter.java:65)
	at org.apache.activemq.transport.ResponseCorrelator.stop(ResponseCorrelator.java:132)
	at org.apache.activemq.broker.TransportConnection.doStop(TransportConnection.java:1164)
	at org.apache.activemq.broker.TransportConnection$4.run(TransportConnection.java:1130)
	at java.base/java.util.concurrent.ThreadPoolExecutor.runWorker(ThreadPoolExecutor.java:1130)
	at java.base/java.util.concurrent.ThreadPoolExecutor$Worker.run(ThreadPoolExecutor.java:630)
	at java.base/java.lang.Thread.run(Thread.java:831)
2021-06-13 15:24:57,118 WARN [n-6c0f9bf9b74a2.a-6c0f9c82f173b.CommunicationBean.jms] - could not stop JMS connection 
org.apache.activemq.ConnectionFailedException: The JMS connection has failed: peer (vm://n-6c0f9bf9b74a2StandardJMSBroker#11) stopped.
	at org.apache.activemq.ActiveMQConnection.checkClosedOrFailed(ActiveMQConnection.java:1471)
	at org.apache.activemq.ActiveMQConnection.doStop(ActiveMQConnection.java:575)
	at org.apache.activemq.ActiveMQConnection.stop(ActiveMQConnection.java:564)
	at de.dailab.jiactng.agentcore.comm.transport.jms.JMSMessageTransport.doCleanup(JMSMessageTransport.java:103)
	at de.dailab.jiactng.agentcore.comm.CommunicationBean.doCleanup(CommunicationBean.java:172)
	at de.dailab.jiactng.agentcore.lifecycle.AbstractLifecycle.cleanup(AbstractLifecycle.java:221)
	at de.dailab.jiactng.agentcore.Agent.doCleanup(Agent.java:370)
	at de.dailab.jiactng.agentcore.lifecycle.AbstractLifecycle.cleanup(AbstractLifecycle.java:221)
	at de.dailab.jiactng.agentcore.SimpleAgentNode.doCleanup(SimpleAgentNode.java:996)
	at de.dailab.jiactng.agentcore.lifecycle.AbstractLifecycle.cleanup(AbstractLifecycle.java:221)
	at de.dailab.jiactng.agentcore.SimpleAgentNode.shutdown(SimpleAgentNode.java:820)
	at de.dailab.jiactng.agentcore.SimpleAgentNode$1.run(SimpleAgentNode.java:144)
Caused by: org.apache.activemq.transport.TransportDisposedIOException: peer (vm://n-6c0f9bf9b74a2StandardJMSBroker#11) stopped.
	at org.apache.activemq.transport.vm.VMTransport.stop(VMTransport.java:229)
	at org.apache.activemq.transport.TransportFilter.stop(TransportFilter.java:65)
	at org.apache.activemq.transport.TransportFilter.stop(TransportFilter.java:65)
	at org.apache.activemq.transport.ResponseCorrelator.stop(ResponseCorrelator.java:132)
	at org.apache.activemq.broker.TransportConnection.doStop(TransportConnection.java:1164)
	at org.apache.activemq.broker.TransportConnection$4.run(TransportConnection.java:1130)
	at java.base/java.util.concurrent.ThreadPoolExecutor.runWorker(ThreadPoolExecutor.java:1130)
	at java.base/java.util.concurrent.ThreadPoolExecutor$Worker.run(ThreadPoolExecutor.java:630)
	at java.base/java.lang.Thread.run(Thread.java:831)
2021-06-13 15:24:57,119 WARN [n-6c0f9bf9b74a2.a-6c0f9be3a8bf9.CommunicationBean.jms] - could not stop JMS connection 
org.apache.activemq.ConnectionFailedException: The JMS connection has failed: peer (vm://n-6c0f9bf9b74a2StandardJMSBroker#13) stopped.
	at org.apache.activemq.ActiveMQConnection.checkClosedOrFailed(ActiveMQConnection.java:1471)
	at org.apache.activemq.ActiveMQConnection.doStop(ActiveMQConnection.java:575)
	at org.apache.activemq.ActiveMQConnection.stop(ActiveMQConnection.java:564)
	at de.dailab.jiactng.agentcore.comm.transport.jms.JMSMessageTransport.doCleanup(JMSMessageTransport.java:103)
	at de.dailab.jiactng.agentcore.comm.CommunicationBean.doCleanup(CommunicationBean.java:172)
	at de.dailab.jiactng.agentcore.lifecycle.AbstractLifecycle.cleanup(AbstractLifecycle.java:221)
	at de.dailab.jiactng.agentcore.Agent.doCleanup(Agent.java:370)
	at de.dailab.jiactng.agentcore.lifecycle.AbstractLifecycle.cleanup(AbstractLifecycle.java:221)
	at de.dailab.jiactng.agentcore.SimpleAgentNode.doCleanup(SimpleAgentNode.java:996)
	at de.dailab.jiactng.agentcore.lifecycle.AbstractLifecycle.cleanup(AbstractLifecycle.java:221)
	at de.dailab.jiactng.agentcore.SimpleAgentNode.shutdown(SimpleAgentNode.java:820)
	at de.dailab.jiactng.agentcore.SimpleAgentNode$1.run(SimpleAgentNode.java:144)
Caused by: org.apache.activemq.transport.TransportDisposedIOException: peer (vm://n-6c0f9bf9b74a2StandardJMSBroker#13) stopped.
	at org.apache.activemq.transport.vm.VMTransport.stop(VMTransport.java:229)
	at org.apache.activemq.transport.TransportFilter.stop(TransportFilter.java:65)
	at org.apache.activemq.transport.TransportFilter.stop(TransportFilter.java:65)
	at org.apache.activemq.transport.ResponseCorrelator.stop(ResponseCorrelator.java:132)
	at org.apache.activemq.broker.TransportConnection.doStop(TransportConnection.java:1164)
	at org.apache.activemq.broker.TransportConnection$4.run(TransportConnection.java:1130)
	at java.base/java.util.concurrent.ThreadPoolExecutor.runWorker(ThreadPoolExecutor.java:1130)
	at java.base/java.util.concurrent.ThreadPoolExecutor$Worker.run(ThreadPoolExecutor.java:630)
	at java.base/java.lang.Thread.run(Thread.java:831)
2021-06-13 15:24:57,119 WARN [n-6c0f9bf9b74a2.IDirectory.jms] - could not stop JMS connection 
org.apache.activemq.ConnectionFailedException: The JMS connection has failed: peer (vm://n-6c0f9bf9b74a2StandardJMSBroker#1) stopped.
	at org.apache.activemq.ActiveMQConnection.checkClosedOrFailed(ActiveMQConnection.java:1471)
	at org.apache.activemq.ActiveMQConnection.doStop(ActiveMQConnection.java:575)
	at org.apache.activemq.ActiveMQConnection.stop(ActiveMQConnection.java:564)
	at de.dailab.jiactng.agentcore.comm.transport.jms.JMSMessageTransport.doCleanup(JMSMessageTransport.java:103)
	at de.dailab.jiactng.agentcore.directory.DirectoryAgentNodeBean.doCleanup(DirectoryAgentNodeBean.java:311)
	at de.dailab.jiactng.agentcore.lifecycle.AbstractLifecycle.cleanup(AbstractLifecycle.java:221)
	at de.dailab.jiactng.agentcore.SimpleAgentNode.doCleanup(SimpleAgentNode.java:1011)
	at de.dailab.jiactng.agentcore.lifecycle.AbstractLifecycle.cleanup(AbstractLifecycle.java:221)
	at de.dailab.jiactng.agentcore.SimpleAgentNode.shutdown(SimpleAgentNode.java:820)
	at de.dailab.jiactng.agentcore.SimpleAgentNode$1.run(SimpleAgentNode.java:144)
Caused by: org.apache.activemq.transport.TransportDisposedIOException: peer (vm://n-6c0f9bf9b74a2StandardJMSBroker#1) stopped.
	at org.apache.activemq.transport.vm.VMTransport.stop(VMTransport.java:229)
	at org.apache.activemq.transport.TransportFilter.stop(TransportFilter.java:65)
	at org.apache.activemq.transport.TransportFilter.stop(TransportFilter.java:65)
	at org.apache.activemq.transport.ResponseCorrelator.stop(ResponseCorrelator.java:132)
	at org.apache.activemq.broker.TransportConnection.doStop(TransportConnection.java:1164)
	at org.apache.activemq.broker.TransportConnection$4.run(TransportConnection.java:1130)
	at java.base/java.util.concurrent.ThreadPoolExecutor.runWorker(ThreadPoolExecutor.java:1130)
	at java.base/java.util.concurrent.ThreadPoolExecutor$Worker.run(ThreadPoolExecutor.java:630)
	at java.base/java.lang.Thread.run(Thread.java:831)
